[2025-12-24T08:35:04.123+0000] {taskinstance.py:1157} INFO - Dependencies all met for dep_context=non-requeueable deps ti=<TaskInstance: battery_lakehouse_dag.gold manual__2025-12-24T08:34:31+00:00 [queued]>
[2025-12-24T08:35:04.132+0000] {taskinstance.py:1157} INFO - Dependencies all met for dep_context=requeueable deps ti=<TaskInstance: battery_lakehouse_dag.gold manual__2025-12-24T08:34:31+00:00 [queued]>
[2025-12-24T08:35:04.133+0000] {taskinstance.py:1359} INFO - Starting attempt 1 of 2
[2025-12-24T08:35:04.148+0000] {taskinstance.py:1380} INFO - Executing <Task(PythonOperator): gold> on 2025-12-24 08:34:31+00:00
[2025-12-24T08:35:04.154+0000] {standard_task_runner.py:57} INFO - Started process 912 to run task
[2025-12-24T08:35:04.157+0000] {standard_task_runner.py:84} INFO - Running: ['***', 'tasks', 'run', 'battery_lakehouse_dag', 'gold', 'manual__2025-12-24T08:34:31+00:00', '--job-id', '30', '--raw', '--subdir', 'DAGS_FOLDER/lakehouse_dag.py', '--cfg-path', '/tmp/tmpk6vye0w1']
[2025-12-24T08:35:04.159+0000] {standard_task_runner.py:85} INFO - Job 30: Subtask gold
[2025-12-24T08:35:04.233+0000] {task_command.py:415} INFO - Running <TaskInstance: battery_lakehouse_dag.gold manual__2025-12-24T08:34:31+00:00 [running]> on host cb1cc40b52c9
[2025-12-24T08:35:04.444+0000] {taskinstance.py:1660} INFO - Exporting env vars: AIRFLOW_CTX_DAG_OWNER='***' AIRFLOW_CTX_DAG_ID='battery_lakehouse_dag' AIRFLOW_CTX_TASK_ID='gold' AIRFLOW_CTX_EXECUTION_DATE='2025-12-24T08:34:31+00:00' AIRFLOW_CTX_TRY_NUMBER='1' AIRFLOW_CTX_DAG_RUN_ID='manual__2025-12-24T08:34:31+00:00'
[2025-12-24T08:35:04.594+0000] {taskinstance.py:1935} ERROR - Task failed with exception
Traceback (most recent call last):
  File "/home/airflow/.local/lib/python3.8/site-packages/airflow/operators/python.py", line 192, in execute
    return_value = self.execute_callable()
  File "/home/airflow/.local/lib/python3.8/site-packages/airflow/operators/python.py", line 209, in execute_callable
    return self.python_callable(*self.op_args, **self.op_kwargs)
  File "/opt/airflow/dags/lakehouse_dag.py", line 115, in etl_gold_analysis
    est_mins = int((theo_mins * 0.4) + (hist_mins * 0.6))
ValueError: cannot convert float NaN to integer
[2025-12-24T08:35:04.614+0000] {taskinstance.py:1398} INFO - Marking task as UP_FOR_RETRY. dag_id=battery_lakehouse_dag, task_id=gold, execution_date=20251224T083431, start_date=20251224T083504, end_date=20251224T083504
[2025-12-24T08:35:04.630+0000] {standard_task_runner.py:104} ERROR - Failed to execute job 30 for task gold (cannot convert float NaN to integer; 912)
[2025-12-24T08:35:04.652+0000] {local_task_job_runner.py:228} INFO - Task exited with return code 1
[2025-12-24T08:35:04.669+0000] {taskinstance.py:2776} INFO - 0 downstream tasks scheduled from follow-on schedule check
