[2025-12-25T13:57:15.167+0000] {taskinstance.py:1157} INFO - Dependencies all met for dep_context=non-requeueable deps ti=<TaskInstance: battery_data_lake_dag.ekstrak_database_sql scheduled__2025-12-24T13:51:25.371907+00:00 [queued]>
[2025-12-25T13:57:15.183+0000] {taskinstance.py:1157} INFO - Dependencies all met for dep_context=requeueable deps ti=<TaskInstance: battery_data_lake_dag.ekstrak_database_sql scheduled__2025-12-24T13:51:25.371907+00:00 [queued]>
[2025-12-25T13:57:15.184+0000] {taskinstance.py:1359} INFO - Starting attempt 2 of 2
[2025-12-25T13:57:15.210+0000] {taskinstance.py:1380} INFO - Executing <Task(PythonOperator): ekstrak_database_sql> on 2025-12-24 13:51:25.371907+00:00
[2025-12-25T13:57:15.225+0000] {standard_task_runner.py:57} INFO - Started process 270 to run task
[2025-12-25T13:57:15.232+0000] {standard_task_runner.py:84} INFO - Running: ['***', 'tasks', 'run', 'battery_data_lake_dag', 'ekstrak_database_sql', 'scheduled__2025-12-24T13:51:25.371907+00:00', '--job-id', '13', '--raw', '--subdir', 'DAGS_FOLDER/data_lake_dag.py', '--cfg-path', '/tmp/tmpum3uui11']
[2025-12-25T13:57:15.237+0000] {standard_task_runner.py:85} INFO - Job 13: Subtask ekstrak_database_sql
[2025-12-25T13:57:15.364+0000] {task_command.py:415} INFO - Running <TaskInstance: battery_data_lake_dag.ekstrak_database_sql scheduled__2025-12-24T13:51:25.371907+00:00 [running]> on host 64663ec31feb
[2025-12-25T13:57:15.748+0000] {taskinstance.py:1660} INFO - Exporting env vars: AIRFLOW_CTX_DAG_OWNER='***' AIRFLOW_CTX_DAG_ID='battery_data_lake_dag' AIRFLOW_CTX_TASK_ID='ekstrak_database_sql' AIRFLOW_CTX_EXECUTION_DATE='2025-12-24T13:51:25.371907+00:00' AIRFLOW_CTX_TRY_NUMBER='2' AIRFLOW_CTX_DAG_RUN_ID='scheduled__2025-12-24T13:51:25.371907+00:00'
[2025-12-25T13:57:15.755+0000] {taskinstance.py:1935} ERROR - Task failed with exception
Traceback (most recent call last):
  File "/home/airflow/.local/lib/python3.8/site-packages/airflow/operators/python.py", line 192, in execute
    return_value = self.execute_callable()
  File "/home/airflow/.local/lib/python3.8/site-packages/airflow/operators/python.py", line 209, in execute_callable
    return self.python_callable(*self.op_args, **self.op_kwargs)
  File "/opt/airflow/dags/data_lake_dag.py", line 41, in elt_sql_data
    koneksi = psycopg2.connect(
  File "/home/airflow/.local/lib/python3.8/site-packages/psycopg2/__init__.py", line 122, in connect
    conn = _connect(dsn, connection_factory=connection_factory, **kwasync)
psycopg2.OperationalError: connection to server at "postgres" (172.18.0.3), port 5432 failed: FATAL:  database "battery_analytics_db" does not exist

[2025-12-25T13:57:15.782+0000] {taskinstance.py:1398} INFO - Marking task as FAILED. dag_id=battery_data_lake_dag, task_id=ekstrak_database_sql, execution_date=20251224T135125, start_date=20251225T135715, end_date=20251225T135715
[2025-12-25T13:57:15.802+0000] {standard_task_runner.py:104} ERROR - Failed to execute job 13 for task ekstrak_database_sql (connection to server at "postgres" (172.18.0.3), port 5432 failed: FATAL:  database "battery_analytics_db" does not exist
; 270)
[2025-12-25T13:57:15.850+0000] {local_task_job_runner.py:228} INFO - Task exited with return code 1
[2025-12-25T13:57:16.028+0000] {taskinstance.py:2776} INFO - 0 downstream tasks scheduled from follow-on schedule check
