[2025-12-24T08:49:09.190+0000] {processor.py:157} INFO - Started process (PID=1332) to work on /opt/airflow/dags/data_lake_dag.py
[2025-12-24T08:49:09.192+0000] {processor.py:829} INFO - Processing file /opt/airflow/dags/data_lake_dag.py for tasks to queue
[2025-12-24T08:49:09.194+0000] {logging_mixin.py:151} INFO - [2025-12-24T08:49:09.194+0000] {dagbag.py:539} INFO - Filling up the DagBag from /opt/airflow/dags/data_lake_dag.py
[2025-12-24T08:49:09.778+0000] {processor.py:839} INFO - DAG(s) dict_keys(['battery_data_lake_dag']) retrieved from /opt/airflow/dags/data_lake_dag.py
[2025-12-24T08:49:09.915+0000] {logging_mixin.py:151} INFO - [2025-12-24T08:49:09.914+0000] {security.py:708} INFO - Not syncing DAG-level permissions for DAG 'DAG:battery_data_lake_dag' as access control is unset.
[2025-12-24T08:49:09.916+0000] {logging_mixin.py:151} INFO - [2025-12-24T08:49:09.916+0000] {dag.py:2915} INFO - Sync 1 DAGs
[2025-12-24T08:49:10.100+0000] {logging_mixin.py:151} INFO - [2025-12-24T08:49:10.100+0000] {dag.py:3696} INFO - Setting next_dagrun for battery_data_lake_dag to 2025-12-23T08:49:10.100159+00:00, run_after=2025-12-24T08:49:10.100159+00:00
[2025-12-24T08:49:10.137+0000] {processor.py:179} INFO - Processing /opt/airflow/dags/data_lake_dag.py took 0.951 seconds
[2025-12-24T08:49:40.351+0000] {processor.py:157} INFO - Started process (PID=1334) to work on /opt/airflow/dags/data_lake_dag.py
[2025-12-24T08:49:40.354+0000] {processor.py:829} INFO - Processing file /opt/airflow/dags/data_lake_dag.py for tasks to queue
[2025-12-24T08:49:40.356+0000] {logging_mixin.py:151} INFO - [2025-12-24T08:49:40.356+0000] {dagbag.py:539} INFO - Filling up the DagBag from /opt/airflow/dags/data_lake_dag.py
[2025-12-24T08:49:40.826+0000] {processor.py:839} INFO - DAG(s) dict_keys(['battery_data_lake_dag']) retrieved from /opt/airflow/dags/data_lake_dag.py
[2025-12-24T08:49:40.859+0000] {logging_mixin.py:151} INFO - [2025-12-24T08:49:40.859+0000] {dag.py:2915} INFO - Sync 1 DAGs
[2025-12-24T08:49:40.885+0000] {logging_mixin.py:151} INFO - [2025-12-24T08:49:40.884+0000] {dag.py:3696} INFO - Setting next_dagrun for battery_data_lake_dag to 2025-12-23T08:49:40.884523+00:00, run_after=2025-12-24T08:49:40.884523+00:00
[2025-12-24T08:49:40.914+0000] {processor.py:179} INFO - Processing /opt/airflow/dags/data_lake_dag.py took 0.567 seconds
[2025-12-24T08:50:11.583+0000] {processor.py:157} INFO - Started process (PID=1336) to work on /opt/airflow/dags/data_lake_dag.py
[2025-12-24T08:50:11.585+0000] {processor.py:829} INFO - Processing file /opt/airflow/dags/data_lake_dag.py for tasks to queue
[2025-12-24T08:50:11.587+0000] {logging_mixin.py:151} INFO - [2025-12-24T08:50:11.587+0000] {dagbag.py:539} INFO - Filling up the DagBag from /opt/airflow/dags/data_lake_dag.py
[2025-12-24T08:50:12.073+0000] {processor.py:839} INFO - DAG(s) dict_keys(['battery_data_lake_dag']) retrieved from /opt/airflow/dags/data_lake_dag.py
[2025-12-24T08:50:12.105+0000] {logging_mixin.py:151} INFO - [2025-12-24T08:50:12.105+0000] {dag.py:2915} INFO - Sync 1 DAGs
[2025-12-24T08:50:12.263+0000] {logging_mixin.py:151} INFO - [2025-12-24T08:50:12.263+0000] {dag.py:3696} INFO - Setting next_dagrun for battery_data_lake_dag to 2025-12-23T08:50:12.263316+00:00, run_after=2025-12-24T08:50:12.263316+00:00
[2025-12-24T08:50:12.302+0000] {processor.py:179} INFO - Processing /opt/airflow/dags/data_lake_dag.py took 0.725 seconds
[2025-12-24T08:50:42.860+0000] {processor.py:157} INFO - Started process (PID=1338) to work on /opt/airflow/dags/data_lake_dag.py
[2025-12-24T08:50:42.862+0000] {processor.py:829} INFO - Processing file /opt/airflow/dags/data_lake_dag.py for tasks to queue
[2025-12-24T08:50:42.864+0000] {logging_mixin.py:151} INFO - [2025-12-24T08:50:42.863+0000] {dagbag.py:539} INFO - Filling up the DagBag from /opt/airflow/dags/data_lake_dag.py
[2025-12-24T08:50:43.360+0000] {processor.py:839} INFO - DAG(s) dict_keys(['battery_data_lake_dag']) retrieved from /opt/airflow/dags/data_lake_dag.py
[2025-12-24T08:50:43.521+0000] {logging_mixin.py:151} INFO - [2025-12-24T08:50:43.521+0000] {dag.py:2915} INFO - Sync 1 DAGs
[2025-12-24T08:50:43.542+0000] {logging_mixin.py:151} INFO - [2025-12-24T08:50:43.542+0000] {dag.py:3696} INFO - Setting next_dagrun for battery_data_lake_dag to 2025-12-23T08:50:43.541567+00:00, run_after=2025-12-24T08:50:43.541567+00:00
[2025-12-24T08:50:43.563+0000] {processor.py:179} INFO - Processing /opt/airflow/dags/data_lake_dag.py took 0.707 seconds
[2025-12-24T08:51:13.881+0000] {processor.py:157} INFO - Started process (PID=1340) to work on /opt/airflow/dags/data_lake_dag.py
[2025-12-24T08:51:13.882+0000] {processor.py:829} INFO - Processing file /opt/airflow/dags/data_lake_dag.py for tasks to queue
[2025-12-24T08:51:13.884+0000] {logging_mixin.py:151} INFO - [2025-12-24T08:51:13.884+0000] {dagbag.py:539} INFO - Filling up the DagBag from /opt/airflow/dags/data_lake_dag.py
[2025-12-24T08:51:14.348+0000] {processor.py:839} INFO - DAG(s) dict_keys(['battery_data_lake_dag']) retrieved from /opt/airflow/dags/data_lake_dag.py
[2025-12-24T08:51:14.390+0000] {logging_mixin.py:151} INFO - [2025-12-24T08:51:14.389+0000] {dag.py:2915} INFO - Sync 1 DAGs
[2025-12-24T08:51:14.416+0000] {logging_mixin.py:151} INFO - [2025-12-24T08:51:14.416+0000] {dag.py:3696} INFO - Setting next_dagrun for battery_data_lake_dag to 2025-12-23T08:51:14.415857+00:00, run_after=2025-12-24T08:51:14.415857+00:00
[2025-12-24T08:51:14.579+0000] {processor.py:179} INFO - Processing /opt/airflow/dags/data_lake_dag.py took 0.703 seconds
[2025-12-24T08:51:45.558+0000] {processor.py:157} INFO - Started process (PID=1342) to work on /opt/airflow/dags/data_lake_dag.py
[2025-12-24T08:51:45.567+0000] {processor.py:829} INFO - Processing file /opt/airflow/dags/data_lake_dag.py for tasks to queue
[2025-12-24T08:51:45.569+0000] {logging_mixin.py:151} INFO - [2025-12-24T08:51:45.568+0000] {dagbag.py:539} INFO - Filling up the DagBag from /opt/airflow/dags/data_lake_dag.py
[2025-12-24T08:51:46.111+0000] {processor.py:839} INFO - DAG(s) dict_keys(['battery_data_lake_dag']) retrieved from /opt/airflow/dags/data_lake_dag.py
[2025-12-24T08:51:46.149+0000] {logging_mixin.py:151} INFO - [2025-12-24T08:51:46.149+0000] {dag.py:2915} INFO - Sync 1 DAGs
[2025-12-24T08:51:46.333+0000] {logging_mixin.py:151} INFO - [2025-12-24T08:51:46.332+0000] {dag.py:3696} INFO - Setting next_dagrun for battery_data_lake_dag to 2025-12-23T08:51:46.332656+00:00, run_after=2025-12-24T08:51:46.332656+00:00
[2025-12-24T08:51:46.352+0000] {processor.py:179} INFO - Processing /opt/airflow/dags/data_lake_dag.py took 0.798 seconds
[2025-12-24T08:52:16.949+0000] {processor.py:157} INFO - Started process (PID=1397) to work on /opt/airflow/dags/data_lake_dag.py
[2025-12-24T08:52:16.951+0000] {processor.py:829} INFO - Processing file /opt/airflow/dags/data_lake_dag.py for tasks to queue
[2025-12-24T08:52:16.955+0000] {logging_mixin.py:151} INFO - [2025-12-24T08:52:16.955+0000] {dagbag.py:539} INFO - Filling up the DagBag from /opt/airflow/dags/data_lake_dag.py
[2025-12-24T08:52:17.818+0000] {processor.py:839} INFO - DAG(s) dict_keys(['battery_data_lake_dag']) retrieved from /opt/airflow/dags/data_lake_dag.py
[2025-12-24T08:52:17.856+0000] {logging_mixin.py:151} INFO - [2025-12-24T08:52:17.856+0000] {dag.py:2915} INFO - Sync 1 DAGs
[2025-12-24T08:52:17.892+0000] {logging_mixin.py:151} INFO - [2025-12-24T08:52:17.892+0000] {dag.py:3696} INFO - Setting next_dagrun for battery_data_lake_dag to 2025-12-23T08:52:17.891755+00:00, run_after=2025-12-24T08:52:17.891755+00:00
[2025-12-24T08:52:17.921+0000] {processor.py:179} INFO - Processing /opt/airflow/dags/data_lake_dag.py took 0.977 seconds
[2025-12-24T08:52:48.510+0000] {processor.py:157} INFO - Started process (PID=1440) to work on /opt/airflow/dags/data_lake_dag.py
[2025-12-24T08:52:48.512+0000] {processor.py:829} INFO - Processing file /opt/airflow/dags/data_lake_dag.py for tasks to queue
[2025-12-24T08:52:48.513+0000] {logging_mixin.py:151} INFO - [2025-12-24T08:52:48.513+0000] {dagbag.py:539} INFO - Filling up the DagBag from /opt/airflow/dags/data_lake_dag.py
[2025-12-24T08:52:49.017+0000] {processor.py:839} INFO - DAG(s) dict_keys(['battery_data_lake_dag']) retrieved from /opt/airflow/dags/data_lake_dag.py
[2025-12-24T08:52:49.058+0000] {logging_mixin.py:151} INFO - [2025-12-24T08:52:49.057+0000] {dag.py:2915} INFO - Sync 1 DAGs
[2025-12-24T08:52:49.248+0000] {logging_mixin.py:151} INFO - [2025-12-24T08:52:49.248+0000] {dag.py:3696} INFO - Setting next_dagrun for battery_data_lake_dag to 2025-12-23T08:52:49.248311+00:00, run_after=2025-12-24T08:52:49.248311+00:00
[2025-12-24T08:52:49.276+0000] {processor.py:179} INFO - Processing /opt/airflow/dags/data_lake_dag.py took 0.769 seconds
[2025-12-24T08:53:19.576+0000] {processor.py:157} INFO - Started process (PID=1449) to work on /opt/airflow/dags/data_lake_dag.py
[2025-12-24T08:53:19.578+0000] {processor.py:829} INFO - Processing file /opt/airflow/dags/data_lake_dag.py for tasks to queue
[2025-12-24T08:53:19.581+0000] {logging_mixin.py:151} INFO - [2025-12-24T08:53:19.580+0000] {dagbag.py:539} INFO - Filling up the DagBag from /opt/airflow/dags/data_lake_dag.py
[2025-12-24T08:53:20.138+0000] {processor.py:839} INFO - DAG(s) dict_keys(['battery_data_lake_dag']) retrieved from /opt/airflow/dags/data_lake_dag.py
[2025-12-24T08:53:20.324+0000] {logging_mixin.py:151} INFO - [2025-12-24T08:53:20.323+0000] {dag.py:2915} INFO - Sync 1 DAGs
[2025-12-24T08:53:20.352+0000] {logging_mixin.py:151} INFO - [2025-12-24T08:53:20.351+0000] {dag.py:3696} INFO - Setting next_dagrun for battery_data_lake_dag to 2025-12-23T08:53:20.351616+00:00, run_after=2025-12-24T08:53:20.351616+00:00
[2025-12-24T08:53:20.378+0000] {processor.py:179} INFO - Processing /opt/airflow/dags/data_lake_dag.py took 0.807 seconds
[2025-12-24T08:53:50.482+0000] {processor.py:157} INFO - Started process (PID=1451) to work on /opt/airflow/dags/data_lake_dag.py
[2025-12-24T08:53:50.484+0000] {processor.py:829} INFO - Processing file /opt/airflow/dags/data_lake_dag.py for tasks to queue
[2025-12-24T08:53:50.485+0000] {logging_mixin.py:151} INFO - [2025-12-24T08:53:50.485+0000] {dagbag.py:539} INFO - Filling up the DagBag from /opt/airflow/dags/data_lake_dag.py
[2025-12-24T08:53:51.002+0000] {processor.py:839} INFO - DAG(s) dict_keys(['battery_data_lake_dag']) retrieved from /opt/airflow/dags/data_lake_dag.py
[2025-12-24T08:53:51.039+0000] {logging_mixin.py:151} INFO - [2025-12-24T08:53:51.039+0000] {dag.py:2915} INFO - Sync 1 DAGs
[2025-12-24T08:53:51.068+0000] {logging_mixin.py:151} INFO - [2025-12-24T08:53:51.067+0000] {dag.py:3696} INFO - Setting next_dagrun for battery_data_lake_dag to 2025-12-23T08:53:51.067631+00:00, run_after=2025-12-24T08:53:51.067631+00:00
[2025-12-24T08:53:51.248+0000] {processor.py:179} INFO - Processing /opt/airflow/dags/data_lake_dag.py took 0.771 seconds
[2025-12-24T08:54:21.366+0000] {processor.py:157} INFO - Started process (PID=1453) to work on /opt/airflow/dags/data_lake_dag.py
[2025-12-24T08:54:21.367+0000] {processor.py:829} INFO - Processing file /opt/airflow/dags/data_lake_dag.py for tasks to queue
[2025-12-24T08:54:21.369+0000] {logging_mixin.py:151} INFO - [2025-12-24T08:54:21.368+0000] {dagbag.py:539} INFO - Filling up the DagBag from /opt/airflow/dags/data_lake_dag.py
[2025-12-24T08:54:21.870+0000] {processor.py:839} INFO - DAG(s) dict_keys(['battery_data_lake_dag']) retrieved from /opt/airflow/dags/data_lake_dag.py
[2025-12-24T08:54:22.041+0000] {logging_mixin.py:151} INFO - [2025-12-24T08:54:22.041+0000] {dag.py:2915} INFO - Sync 1 DAGs
[2025-12-24T08:54:22.066+0000] {logging_mixin.py:151} INFO - [2025-12-24T08:54:22.066+0000] {dag.py:3696} INFO - Setting next_dagrun for battery_data_lake_dag to 2025-12-23T08:54:22.066135+00:00, run_after=2025-12-24T08:54:22.066135+00:00
[2025-12-24T08:54:22.098+0000] {processor.py:179} INFO - Processing /opt/airflow/dags/data_lake_dag.py took 0.736 seconds
[2025-12-24T08:54:52.169+0000] {processor.py:157} INFO - Started process (PID=1488) to work on /opt/airflow/dags/data_lake_dag.py
[2025-12-24T08:54:52.172+0000] {processor.py:829} INFO - Processing file /opt/airflow/dags/data_lake_dag.py for tasks to queue
[2025-12-24T08:54:52.173+0000] {logging_mixin.py:151} INFO - [2025-12-24T08:54:52.173+0000] {dagbag.py:539} INFO - Filling up the DagBag from /opt/airflow/dags/data_lake_dag.py
[2025-12-24T08:54:52.803+0000] {processor.py:839} INFO - DAG(s) dict_keys(['battery_data_lake_dag']) retrieved from /opt/airflow/dags/data_lake_dag.py
[2025-12-24T08:54:52.839+0000] {logging_mixin.py:151} INFO - [2025-12-24T08:54:52.838+0000] {dag.py:2915} INFO - Sync 1 DAGs
[2025-12-24T08:54:52.866+0000] {logging_mixin.py:151} INFO - [2025-12-24T08:54:52.866+0000] {dag.py:3696} INFO - Setting next_dagrun for battery_data_lake_dag to 2025-12-23T08:54:52.866028+00:00, run_after=2025-12-24T08:54:52.866028+00:00
[2025-12-24T08:54:52.892+0000] {processor.py:179} INFO - Processing /opt/airflow/dags/data_lake_dag.py took 0.728 seconds
[2025-12-24T08:55:23.041+0000] {processor.py:157} INFO - Started process (PID=1524) to work on /opt/airflow/dags/data_lake_dag.py
[2025-12-24T08:55:23.043+0000] {processor.py:829} INFO - Processing file /opt/airflow/dags/data_lake_dag.py for tasks to queue
[2025-12-24T08:55:23.045+0000] {logging_mixin.py:151} INFO - [2025-12-24T08:55:23.045+0000] {dagbag.py:539} INFO - Filling up the DagBag from /opt/airflow/dags/data_lake_dag.py
[2025-12-24T08:55:23.588+0000] {processor.py:839} INFO - DAG(s) dict_keys(['battery_data_lake_dag']) retrieved from /opt/airflow/dags/data_lake_dag.py
[2025-12-24T08:55:23.625+0000] {logging_mixin.py:151} INFO - [2025-12-24T08:55:23.625+0000] {dag.py:2915} INFO - Sync 1 DAGs
[2025-12-24T08:55:23.803+0000] {logging_mixin.py:151} INFO - [2025-12-24T08:55:23.802+0000] {dag.py:3696} INFO - Setting next_dagrun for battery_data_lake_dag to 2025-12-23T08:55:23.802480+00:00, run_after=2025-12-24T08:55:23.802480+00:00
[2025-12-24T08:55:23.838+0000] {processor.py:179} INFO - Processing /opt/airflow/dags/data_lake_dag.py took 0.803 seconds
[2025-12-24T08:55:54.319+0000] {processor.py:157} INFO - Started process (PID=1551) to work on /opt/airflow/dags/data_lake_dag.py
[2025-12-24T08:55:54.321+0000] {processor.py:829} INFO - Processing file /opt/airflow/dags/data_lake_dag.py for tasks to queue
[2025-12-24T08:55:54.323+0000] {logging_mixin.py:151} INFO - [2025-12-24T08:55:54.322+0000] {dagbag.py:539} INFO - Filling up the DagBag from /opt/airflow/dags/data_lake_dag.py
[2025-12-24T08:55:55.096+0000] {processor.py:839} INFO - DAG(s) dict_keys(['battery_data_lake_dag']) retrieved from /opt/airflow/dags/data_lake_dag.py
[2025-12-24T08:55:55.160+0000] {logging_mixin.py:151} INFO - [2025-12-24T08:55:55.160+0000] {dag.py:2915} INFO - Sync 1 DAGs
[2025-12-24T08:55:55.203+0000] {logging_mixin.py:151} INFO - [2025-12-24T08:55:55.203+0000] {dag.py:3696} INFO - Setting next_dagrun for battery_data_lake_dag to 2025-12-24T08:55:23.802480+00:00, run_after=2025-12-25T08:55:23.802480+00:00
[2025-12-24T08:55:55.247+0000] {processor.py:179} INFO - Processing /opt/airflow/dags/data_lake_dag.py took 0.933 seconds
[2025-12-24T08:56:25.753+0000] {processor.py:157} INFO - Started process (PID=1689) to work on /opt/airflow/dags/data_lake_dag.py
[2025-12-24T08:56:25.756+0000] {processor.py:829} INFO - Processing file /opt/airflow/dags/data_lake_dag.py for tasks to queue
[2025-12-24T08:56:25.757+0000] {logging_mixin.py:151} INFO - [2025-12-24T08:56:25.757+0000] {dagbag.py:539} INFO - Filling up the DagBag from /opt/airflow/dags/data_lake_dag.py
[2025-12-24T08:56:26.276+0000] {processor.py:839} INFO - DAG(s) dict_keys(['battery_data_lake_dag']) retrieved from /opt/airflow/dags/data_lake_dag.py
[2025-12-24T08:56:26.310+0000] {logging_mixin.py:151} INFO - [2025-12-24T08:56:26.310+0000] {dag.py:2915} INFO - Sync 1 DAGs
[2025-12-24T08:56:26.490+0000] {logging_mixin.py:151} INFO - [2025-12-24T08:56:26.490+0000] {dag.py:3696} INFO - Setting next_dagrun for battery_data_lake_dag to 2025-12-24T08:55:23.802480+00:00, run_after=2025-12-25T08:55:23.802480+00:00
[2025-12-24T08:56:26.518+0000] {processor.py:179} INFO - Processing /opt/airflow/dags/data_lake_dag.py took 0.769 seconds
[2025-12-24T08:57:02.507+0000] {processor.py:157} INFO - Started process (PID=41) to work on /opt/airflow/dags/data_lake_dag.py
[2025-12-24T08:57:02.534+0000] {processor.py:829} INFO - Processing file /opt/airflow/dags/data_lake_dag.py for tasks to queue
[2025-12-24T08:57:02.549+0000] {logging_mixin.py:151} INFO - [2025-12-24T08:57:02.549+0000] {dagbag.py:539} INFO - Filling up the DagBag from /opt/airflow/dags/data_lake_dag.py
[2025-12-24T08:57:03.276+0000] {processor.py:839} INFO - DAG(s) dict_keys(['battery_data_lake_dag']) retrieved from /opt/airflow/dags/data_lake_dag.py
[2025-12-24T08:57:03.327+0000] {logging_mixin.py:151} INFO - [2025-12-24T08:57:03.327+0000] {dag.py:2915} INFO - Sync 1 DAGs
[2025-12-24T08:57:03.357+0000] {logging_mixin.py:151} INFO - [2025-12-24T08:57:03.357+0000] {dag.py:3696} INFO - Setting next_dagrun for battery_data_lake_dag to 2025-12-24T08:55:23.802480+00:00, run_after=2025-12-25T08:55:23.802480+00:00
[2025-12-24T08:57:03.412+0000] {processor.py:179} INFO - Processing /opt/airflow/dags/data_lake_dag.py took 0.908 seconds
[2025-12-24T08:57:33.918+0000] {processor.py:157} INFO - Started process (PID=263) to work on /opt/airflow/dags/data_lake_dag.py
[2025-12-24T08:57:33.934+0000] {processor.py:829} INFO - Processing file /opt/airflow/dags/data_lake_dag.py for tasks to queue
[2025-12-24T08:57:33.941+0000] {logging_mixin.py:151} INFO - [2025-12-24T08:57:33.941+0000] {dagbag.py:539} INFO - Filling up the DagBag from /opt/airflow/dags/data_lake_dag.py
[2025-12-24T08:57:34.710+0000] {processor.py:839} INFO - DAG(s) dict_keys(['battery_data_lake_dag']) retrieved from /opt/airflow/dags/data_lake_dag.py
[2025-12-24T08:57:34.737+0000] {logging_mixin.py:151} INFO - [2025-12-24T08:57:34.737+0000] {dag.py:2915} INFO - Sync 1 DAGs
[2025-12-24T08:57:34.760+0000] {logging_mixin.py:151} INFO - [2025-12-24T08:57:34.760+0000] {dag.py:3696} INFO - Setting next_dagrun for battery_data_lake_dag to 2025-12-24T08:55:23.802480+00:00, run_after=2025-12-25T08:55:23.802480+00:00
[2025-12-24T08:57:34.787+0000] {processor.py:179} INFO - Processing /opt/airflow/dags/data_lake_dag.py took 0.873 seconds
[2025-12-24T08:58:04.870+0000] {processor.py:157} INFO - Started process (PID=318) to work on /opt/airflow/dags/data_lake_dag.py
[2025-12-24T08:58:04.874+0000] {processor.py:829} INFO - Processing file /opt/airflow/dags/data_lake_dag.py for tasks to queue
[2025-12-24T08:58:04.876+0000] {logging_mixin.py:151} INFO - [2025-12-24T08:58:04.875+0000] {dagbag.py:539} INFO - Filling up the DagBag from /opt/airflow/dags/data_lake_dag.py
[2025-12-24T08:58:05.545+0000] {processor.py:839} INFO - DAG(s) dict_keys(['battery_data_lake_dag']) retrieved from /opt/airflow/dags/data_lake_dag.py
[2025-12-24T08:58:05.578+0000] {logging_mixin.py:151} INFO - [2025-12-24T08:58:05.578+0000] {dag.py:2915} INFO - Sync 1 DAGs
[2025-12-24T08:58:05.601+0000] {logging_mixin.py:151} INFO - [2025-12-24T08:58:05.601+0000] {dag.py:3696} INFO - Setting next_dagrun for battery_data_lake_dag to 2025-12-24T08:55:23.802480+00:00, run_after=2025-12-25T08:55:23.802480+00:00
[2025-12-24T08:58:05.631+0000] {processor.py:179} INFO - Processing /opt/airflow/dags/data_lake_dag.py took 0.766 seconds
[2025-12-24T08:58:36.059+0000] {processor.py:157} INFO - Started process (PID=375) to work on /opt/airflow/dags/data_lake_dag.py
[2025-12-24T08:58:36.061+0000] {processor.py:829} INFO - Processing file /opt/airflow/dags/data_lake_dag.py for tasks to queue
[2025-12-24T08:58:36.062+0000] {logging_mixin.py:151} INFO - [2025-12-24T08:58:36.062+0000] {dagbag.py:539} INFO - Filling up the DagBag from /opt/airflow/dags/data_lake_dag.py
[2025-12-24T08:58:36.847+0000] {processor.py:839} INFO - DAG(s) dict_keys(['battery_data_lake_dag']) retrieved from /opt/airflow/dags/data_lake_dag.py
[2025-12-24T08:58:36.897+0000] {logging_mixin.py:151} INFO - [2025-12-24T08:58:36.896+0000] {dag.py:2915} INFO - Sync 1 DAGs
[2025-12-24T08:58:36.919+0000] {logging_mixin.py:151} INFO - [2025-12-24T08:58:36.919+0000] {dag.py:3696} INFO - Setting next_dagrun for battery_data_lake_dag to 2025-12-24T08:55:23.802480+00:00, run_after=2025-12-25T08:55:23.802480+00:00
[2025-12-24T08:58:36.948+0000] {processor.py:179} INFO - Processing /opt/airflow/dags/data_lake_dag.py took 0.894 seconds
[2025-12-24T08:58:56.081+0000] {processor.py:157} INFO - Started process (PID=40) to work on /opt/airflow/dags/data_lake_dag.py
[2025-12-24T08:58:56.083+0000] {processor.py:829} INFO - Processing file /opt/airflow/dags/data_lake_dag.py for tasks to queue
[2025-12-24T08:58:56.084+0000] {logging_mixin.py:151} INFO - [2025-12-24T08:58:56.083+0000] {dagbag.py:539} INFO - Filling up the DagBag from /opt/airflow/dags/data_lake_dag.py
[2025-12-24T08:58:56.688+0000] {processor.py:839} INFO - DAG(s) dict_keys(['battery_data_lake_dag']) retrieved from /opt/airflow/dags/data_lake_dag.py
[2025-12-24T08:58:56.730+0000] {logging_mixin.py:151} INFO - [2025-12-24T08:58:56.730+0000] {dag.py:2915} INFO - Sync 1 DAGs
[2025-12-24T08:58:56.753+0000] {logging_mixin.py:151} INFO - [2025-12-24T08:58:56.753+0000] {dag.py:3696} INFO - Setting next_dagrun for battery_data_lake_dag to 2025-12-24T08:55:23.802480+00:00, run_after=2025-12-25T08:55:23.802480+00:00
[2025-12-24T08:58:56.785+0000] {processor.py:179} INFO - Processing /opt/airflow/dags/data_lake_dag.py took 0.708 seconds
[2025-12-24T08:59:27.128+0000] {processor.py:157} INFO - Started process (PID=119) to work on /opt/airflow/dags/data_lake_dag.py
[2025-12-24T08:59:27.129+0000] {processor.py:829} INFO - Processing file /opt/airflow/dags/data_lake_dag.py for tasks to queue
[2025-12-24T08:59:27.130+0000] {logging_mixin.py:151} INFO - [2025-12-24T08:59:27.130+0000] {dagbag.py:539} INFO - Filling up the DagBag from /opt/airflow/dags/data_lake_dag.py
[2025-12-24T08:59:27.784+0000] {processor.py:839} INFO - DAG(s) dict_keys(['battery_data_lake_dag']) retrieved from /opt/airflow/dags/data_lake_dag.py
[2025-12-24T08:59:27.813+0000] {logging_mixin.py:151} INFO - [2025-12-24T08:59:27.812+0000] {dag.py:2915} INFO - Sync 1 DAGs
[2025-12-24T08:59:27.835+0000] {logging_mixin.py:151} INFO - [2025-12-24T08:59:27.835+0000] {dag.py:3696} INFO - Setting next_dagrun for battery_data_lake_dag to 2025-12-24T08:55:23.802480+00:00, run_after=2025-12-25T08:55:23.802480+00:00
[2025-12-24T08:59:27.860+0000] {processor.py:179} INFO - Processing /opt/airflow/dags/data_lake_dag.py took 0.737 seconds
[2025-12-24T08:59:58.832+0000] {processor.py:157} INFO - Started process (PID=175) to work on /opt/airflow/dags/data_lake_dag.py
[2025-12-24T08:59:58.833+0000] {processor.py:829} INFO - Processing file /opt/airflow/dags/data_lake_dag.py for tasks to queue
[2025-12-24T08:59:58.835+0000] {logging_mixin.py:151} INFO - [2025-12-24T08:59:58.834+0000] {dagbag.py:539} INFO - Filling up the DagBag from /opt/airflow/dags/data_lake_dag.py
[2025-12-24T09:00:00.024+0000] {processor.py:839} INFO - DAG(s) dict_keys(['battery_data_lake_dag']) retrieved from /opt/airflow/dags/data_lake_dag.py
[2025-12-24T09:00:00.055+0000] {logging_mixin.py:151} INFO - [2025-12-24T09:00:00.054+0000] {dag.py:2915} INFO - Sync 1 DAGs
[2025-12-24T09:00:00.078+0000] {logging_mixin.py:151} INFO - [2025-12-24T09:00:00.077+0000] {dag.py:3696} INFO - Setting next_dagrun for battery_data_lake_dag to 2025-12-24T08:55:23.802480+00:00, run_after=2025-12-25T08:55:23.802480+00:00
[2025-12-24T09:00:00.108+0000] {processor.py:179} INFO - Processing /opt/airflow/dags/data_lake_dag.py took 0.691 seconds
[2025-12-24T09:00:31.548+0000] {processor.py:157} INFO - Started process (PID=177) to work on /opt/airflow/dags/data_lake_dag.py
[2025-12-24T09:00:31.550+0000] {processor.py:829} INFO - Processing file /opt/airflow/dags/data_lake_dag.py for tasks to queue
[2025-12-24T09:00:31.551+0000] {logging_mixin.py:151} INFO - [2025-12-24T09:00:31.551+0000] {dagbag.py:539} INFO - Filling up the DagBag from /opt/airflow/dags/data_lake_dag.py
[2025-12-24T09:00:32.192+0000] {processor.py:839} INFO - DAG(s) dict_keys(['battery_data_lake_dag']) retrieved from /opt/airflow/dags/data_lake_dag.py
[2025-12-24T09:00:32.221+0000] {logging_mixin.py:151} INFO - [2025-12-24T09:00:32.221+0000] {dag.py:2915} INFO - Sync 1 DAGs
[2025-12-24T09:00:32.244+0000] {logging_mixin.py:151} INFO - [2025-12-24T09:00:32.244+0000] {dag.py:3696} INFO - Setting next_dagrun for battery_data_lake_dag to 2025-12-24T08:55:23.802480+00:00, run_after=2025-12-25T08:55:23.802480+00:00
[2025-12-24T09:00:32.270+0000] {processor.py:179} INFO - Processing /opt/airflow/dags/data_lake_dag.py took 0.727 seconds
[2025-12-24T09:01:03.935+0000] {processor.py:157} INFO - Started process (PID=213) to work on /opt/airflow/dags/data_lake_dag.py
[2025-12-24T09:01:03.936+0000] {processor.py:829} INFO - Processing file /opt/airflow/dags/data_lake_dag.py for tasks to queue
[2025-12-24T09:01:03.938+0000] {logging_mixin.py:151} INFO - [2025-12-24T09:01:03.937+0000] {dagbag.py:539} INFO - Filling up the DagBag from /opt/airflow/dags/data_lake_dag.py
[2025-12-24T09:01:04.579+0000] {processor.py:839} INFO - DAG(s) dict_keys(['battery_data_lake_dag']) retrieved from /opt/airflow/dags/data_lake_dag.py
[2025-12-24T09:01:04.610+0000] {logging_mixin.py:151} INFO - [2025-12-24T09:01:04.609+0000] {dag.py:2915} INFO - Sync 1 DAGs
[2025-12-24T09:01:04.632+0000] {logging_mixin.py:151} INFO - [2025-12-24T09:01:04.631+0000] {dag.py:3696} INFO - Setting next_dagrun for battery_data_lake_dag to 2025-12-24T08:55:23.802480+00:00, run_after=2025-12-25T08:55:23.802480+00:00
[2025-12-24T09:01:04.658+0000] {processor.py:179} INFO - Processing /opt/airflow/dags/data_lake_dag.py took 0.727 seconds
[2025-12-24T09:01:36.758+0000] {processor.py:157} INFO - Started process (PID=215) to work on /opt/airflow/dags/data_lake_dag.py
[2025-12-24T09:01:36.759+0000] {processor.py:829} INFO - Processing file /opt/airflow/dags/data_lake_dag.py for tasks to queue
[2025-12-24T09:01:36.761+0000] {logging_mixin.py:151} INFO - [2025-12-24T09:01:36.760+0000] {dagbag.py:539} INFO - Filling up the DagBag from /opt/airflow/dags/data_lake_dag.py
[2025-12-24T09:01:37.314+0000] {processor.py:839} INFO - DAG(s) dict_keys(['battery_data_lake_dag']) retrieved from /opt/airflow/dags/data_lake_dag.py
[2025-12-24T09:01:37.349+0000] {logging_mixin.py:151} INFO - [2025-12-24T09:01:37.348+0000] {dag.py:2915} INFO - Sync 1 DAGs
[2025-12-24T09:01:37.374+0000] {logging_mixin.py:151} INFO - [2025-12-24T09:01:37.374+0000] {dag.py:3696} INFO - Setting next_dagrun for battery_data_lake_dag to 2025-12-24T08:55:23.802480+00:00, run_after=2025-12-25T08:55:23.802480+00:00
[2025-12-24T09:01:37.407+0000] {processor.py:179} INFO - Processing /opt/airflow/dags/data_lake_dag.py took 0.656 seconds
[2025-12-24T09:02:07.691+0000] {processor.py:157} INFO - Started process (PID=354) to work on /opt/airflow/dags/data_lake_dag.py
[2025-12-24T09:02:07.693+0000] {processor.py:829} INFO - Processing file /opt/airflow/dags/data_lake_dag.py for tasks to queue
[2025-12-24T09:02:07.695+0000] {logging_mixin.py:151} INFO - [2025-12-24T09:02:07.694+0000] {dagbag.py:539} INFO - Filling up the DagBag from /opt/airflow/dags/data_lake_dag.py
[2025-12-24T09:02:08.260+0000] {processor.py:839} INFO - DAG(s) dict_keys(['battery_data_lake_dag']) retrieved from /opt/airflow/dags/data_lake_dag.py
[2025-12-24T09:02:08.306+0000] {logging_mixin.py:151} INFO - [2025-12-24T09:02:08.305+0000] {dag.py:2915} INFO - Sync 1 DAGs
[2025-12-24T09:02:08.342+0000] {logging_mixin.py:151} INFO - [2025-12-24T09:02:08.341+0000] {dag.py:3696} INFO - Setting next_dagrun for battery_data_lake_dag to 2025-12-24T08:55:23.802480+00:00, run_after=2025-12-25T08:55:23.802480+00:00
[2025-12-24T09:02:08.377+0000] {processor.py:179} INFO - Processing /opt/airflow/dags/data_lake_dag.py took 0.691 seconds
[2025-12-24T09:02:38.564+0000] {processor.py:157} INFO - Started process (PID=364) to work on /opt/airflow/dags/data_lake_dag.py
[2025-12-24T09:02:38.567+0000] {processor.py:829} INFO - Processing file /opt/airflow/dags/data_lake_dag.py for tasks to queue
[2025-12-24T09:02:38.572+0000] {logging_mixin.py:151} INFO - [2025-12-24T09:02:38.572+0000] {dagbag.py:539} INFO - Filling up the DagBag from /opt/airflow/dags/data_lake_dag.py
[2025-12-24T09:02:39.200+0000] {processor.py:839} INFO - DAG(s) dict_keys(['battery_data_lake_dag']) retrieved from /opt/airflow/dags/data_lake_dag.py
[2025-12-24T09:02:39.234+0000] {logging_mixin.py:151} INFO - [2025-12-24T09:02:39.233+0000] {dag.py:2915} INFO - Sync 1 DAGs
[2025-12-24T09:02:39.258+0000] {logging_mixin.py:151} INFO - [2025-12-24T09:02:39.258+0000] {dag.py:3696} INFO - Setting next_dagrun for battery_data_lake_dag to 2025-12-24T08:55:23.802480+00:00, run_after=2025-12-25T08:55:23.802480+00:00
[2025-12-24T09:02:39.289+0000] {processor.py:179} INFO - Processing /opt/airflow/dags/data_lake_dag.py took 0.731 seconds
[2025-12-24T09:03:09.400+0000] {processor.py:157} INFO - Started process (PID=579) to work on /opt/airflow/dags/data_lake_dag.py
[2025-12-24T09:03:09.402+0000] {processor.py:829} INFO - Processing file /opt/airflow/dags/data_lake_dag.py for tasks to queue
[2025-12-24T09:03:09.403+0000] {logging_mixin.py:151} INFO - [2025-12-24T09:03:09.403+0000] {dagbag.py:539} INFO - Filling up the DagBag from /opt/airflow/dags/data_lake_dag.py
[2025-12-24T09:03:10.212+0000] {processor.py:839} INFO - DAG(s) dict_keys(['battery_data_lake_dag']) retrieved from /opt/airflow/dags/data_lake_dag.py
[2025-12-24T09:03:10.253+0000] {logging_mixin.py:151} INFO - [2025-12-24T09:03:10.252+0000] {dag.py:2915} INFO - Sync 1 DAGs
[2025-12-24T09:03:10.285+0000] {logging_mixin.py:151} INFO - [2025-12-24T09:03:10.285+0000] {dag.py:3696} INFO - Setting next_dagrun for battery_data_lake_dag to 2025-12-24T08:55:23.802480+00:00, run_after=2025-12-25T08:55:23.802480+00:00
[2025-12-24T09:03:10.312+0000] {processor.py:179} INFO - Processing /opt/airflow/dags/data_lake_dag.py took 0.916 seconds
[2025-12-24T09:03:40.804+0000] {processor.py:157} INFO - Started process (PID=725) to work on /opt/airflow/dags/data_lake_dag.py
[2025-12-24T09:03:40.812+0000] {processor.py:829} INFO - Processing file /opt/airflow/dags/data_lake_dag.py for tasks to queue
[2025-12-24T09:03:40.815+0000] {logging_mixin.py:151} INFO - [2025-12-24T09:03:40.815+0000] {dagbag.py:539} INFO - Filling up the DagBag from /opt/airflow/dags/data_lake_dag.py
[2025-12-24T09:03:41.299+0000] {processor.py:839} INFO - DAG(s) dict_keys(['battery_data_lake_dag']) retrieved from /opt/airflow/dags/data_lake_dag.py
[2025-12-24T09:03:41.335+0000] {logging_mixin.py:151} INFO - [2025-12-24T09:03:41.334+0000] {dag.py:2915} INFO - Sync 1 DAGs
[2025-12-24T09:03:41.362+0000] {logging_mixin.py:151} INFO - [2025-12-24T09:03:41.362+0000] {dag.py:3696} INFO - Setting next_dagrun for battery_data_lake_dag to 2025-12-24T08:55:23.802480+00:00, run_after=2025-12-25T08:55:23.802480+00:00
[2025-12-24T09:03:41.390+0000] {processor.py:179} INFO - Processing /opt/airflow/dags/data_lake_dag.py took 0.590 seconds
[2025-12-24T09:04:11.688+0000] {processor.py:157} INFO - Started process (PID=727) to work on /opt/airflow/dags/data_lake_dag.py
[2025-12-24T09:04:11.691+0000] {processor.py:829} INFO - Processing file /opt/airflow/dags/data_lake_dag.py for tasks to queue
[2025-12-24T09:04:11.694+0000] {logging_mixin.py:151} INFO - [2025-12-24T09:04:11.694+0000] {dagbag.py:539} INFO - Filling up the DagBag from /opt/airflow/dags/data_lake_dag.py
[2025-12-24T09:04:12.307+0000] {processor.py:839} INFO - DAG(s) dict_keys(['battery_data_lake_dag']) retrieved from /opt/airflow/dags/data_lake_dag.py
[2025-12-24T09:04:12.345+0000] {logging_mixin.py:151} INFO - [2025-12-24T09:04:12.344+0000] {dag.py:2915} INFO - Sync 1 DAGs
[2025-12-24T09:04:12.374+0000] {logging_mixin.py:151} INFO - [2025-12-24T09:04:12.374+0000] {dag.py:3696} INFO - Setting next_dagrun for battery_data_lake_dag to 2025-12-24T08:55:23.802480+00:00, run_after=2025-12-25T08:55:23.802480+00:00
[2025-12-24T09:04:12.408+0000] {processor.py:179} INFO - Processing /opt/airflow/dags/data_lake_dag.py took 0.726 seconds
[2025-12-24T09:04:42.585+0000] {processor.py:157} INFO - Started process (PID=731) to work on /opt/airflow/dags/data_lake_dag.py
[2025-12-24T09:04:42.587+0000] {processor.py:829} INFO - Processing file /opt/airflow/dags/data_lake_dag.py for tasks to queue
[2025-12-24T09:04:42.588+0000] {logging_mixin.py:151} INFO - [2025-12-24T09:04:42.588+0000] {dagbag.py:539} INFO - Filling up the DagBag from /opt/airflow/dags/data_lake_dag.py
[2025-12-24T09:04:43.146+0000] {processor.py:839} INFO - DAG(s) dict_keys(['battery_data_lake_dag']) retrieved from /opt/airflow/dags/data_lake_dag.py
[2025-12-24T09:04:43.179+0000] {logging_mixin.py:151} INFO - [2025-12-24T09:04:43.179+0000] {dag.py:2915} INFO - Sync 1 DAGs
[2025-12-24T09:04:43.206+0000] {logging_mixin.py:151} INFO - [2025-12-24T09:04:43.206+0000] {dag.py:3696} INFO - Setting next_dagrun for battery_data_lake_dag to 2025-12-24T08:55:23.802480+00:00, run_after=2025-12-25T08:55:23.802480+00:00
[2025-12-24T09:04:43.233+0000] {processor.py:179} INFO - Processing /opt/airflow/dags/data_lake_dag.py took 0.652 seconds
[2025-12-24T09:05:07.061+0000] {processor.py:157} INFO - Started process (PID=800) to work on /opt/airflow/dags/data_lake_dag.py
[2025-12-24T09:05:07.062+0000] {processor.py:829} INFO - Processing file /opt/airflow/dags/data_lake_dag.py for tasks to queue
[2025-12-24T09:05:07.064+0000] {logging_mixin.py:151} INFO - [2025-12-24T09:05:07.064+0000] {dagbag.py:539} INFO - Filling up the DagBag from /opt/airflow/dags/data_lake_dag.py
[2025-12-24T09:05:07.651+0000] {processor.py:839} INFO - DAG(s) dict_keys(['battery_data_lake_dag']) retrieved from /opt/airflow/dags/data_lake_dag.py
[2025-12-24T09:05:07.695+0000] {logging_mixin.py:151} INFO - [2025-12-24T09:05:07.695+0000] {dag.py:2915} INFO - Sync 1 DAGs
[2025-12-24T09:05:07.736+0000] {logging_mixin.py:151} INFO - [2025-12-24T09:05:07.736+0000] {dag.py:3696} INFO - Setting next_dagrun for battery_data_lake_dag to 2025-12-24T08:55:23.802480+00:00, run_after=2025-12-25T08:55:23.802480+00:00
[2025-12-24T09:05:07.788+0000] {processor.py:179} INFO - Processing /opt/airflow/dags/data_lake_dag.py took 0.732 seconds
[2025-12-24T09:05:38.620+0000] {processor.py:157} INFO - Started process (PID=947) to work on /opt/airflow/dags/data_lake_dag.py
[2025-12-24T09:05:38.622+0000] {processor.py:829} INFO - Processing file /opt/airflow/dags/data_lake_dag.py for tasks to queue
[2025-12-24T09:05:38.623+0000] {logging_mixin.py:151} INFO - [2025-12-24T09:05:38.623+0000] {dagbag.py:539} INFO - Filling up the DagBag from /opt/airflow/dags/data_lake_dag.py
[2025-12-24T09:05:39.292+0000] {processor.py:839} INFO - DAG(s) dict_keys(['battery_data_lake_dag']) retrieved from /opt/airflow/dags/data_lake_dag.py
[2025-12-24T09:05:39.332+0000] {logging_mixin.py:151} INFO - [2025-12-24T09:05:39.331+0000] {dag.py:2915} INFO - Sync 1 DAGs
[2025-12-24T09:05:39.361+0000] {logging_mixin.py:151} INFO - [2025-12-24T09:05:39.360+0000] {dag.py:3696} INFO - Setting next_dagrun for battery_data_lake_dag to 2025-12-24T08:55:23.802480+00:00, run_after=2025-12-25T08:55:23.802480+00:00
[2025-12-24T09:05:39.398+0000] {processor.py:179} INFO - Processing /opt/airflow/dags/data_lake_dag.py took 0.784 seconds
[2025-12-24T09:06:09.923+0000] {processor.py:157} INFO - Started process (PID=1099) to work on /opt/airflow/dags/data_lake_dag.py
[2025-12-24T09:06:09.925+0000] {processor.py:829} INFO - Processing file /opt/airflow/dags/data_lake_dag.py for tasks to queue
[2025-12-24T09:06:09.926+0000] {logging_mixin.py:151} INFO - [2025-12-24T09:06:09.926+0000] {dagbag.py:539} INFO - Filling up the DagBag from /opt/airflow/dags/data_lake_dag.py
[2025-12-24T09:06:10.458+0000] {processor.py:839} INFO - DAG(s) dict_keys(['battery_data_lake_dag']) retrieved from /opt/airflow/dags/data_lake_dag.py
[2025-12-24T09:06:10.488+0000] {logging_mixin.py:151} INFO - [2025-12-24T09:06:10.488+0000] {dag.py:2915} INFO - Sync 1 DAGs
[2025-12-24T09:06:10.511+0000] {logging_mixin.py:151} INFO - [2025-12-24T09:06:10.510+0000] {dag.py:3696} INFO - Setting next_dagrun for battery_data_lake_dag to 2025-12-24T08:55:23.802480+00:00, run_after=2025-12-25T08:55:23.802480+00:00
[2025-12-24T09:06:10.531+0000] {processor.py:179} INFO - Processing /opt/airflow/dags/data_lake_dag.py took 0.612 seconds
[2025-12-24T09:06:40.644+0000] {processor.py:157} INFO - Started process (PID=1128) to work on /opt/airflow/dags/data_lake_dag.py
[2025-12-24T09:06:40.646+0000] {processor.py:829} INFO - Processing file /opt/airflow/dags/data_lake_dag.py for tasks to queue
[2025-12-24T09:06:40.648+0000] {logging_mixin.py:151} INFO - [2025-12-24T09:06:40.648+0000] {dagbag.py:539} INFO - Filling up the DagBag from /opt/airflow/dags/data_lake_dag.py
[2025-12-24T09:06:41.350+0000] {processor.py:839} INFO - DAG(s) dict_keys(['battery_data_lake_dag']) retrieved from /opt/airflow/dags/data_lake_dag.py
[2025-12-24T09:06:41.392+0000] {logging_mixin.py:151} INFO - [2025-12-24T09:06:41.391+0000] {dag.py:2915} INFO - Sync 1 DAGs
[2025-12-24T09:06:41.423+0000] {logging_mixin.py:151} INFO - [2025-12-24T09:06:41.422+0000] {dag.py:3696} INFO - Setting next_dagrun for battery_data_lake_dag to 2025-12-24T08:55:23.802480+00:00, run_after=2025-12-25T08:55:23.802480+00:00
[2025-12-24T09:06:41.452+0000] {processor.py:179} INFO - Processing /opt/airflow/dags/data_lake_dag.py took 0.813 seconds
[2025-12-24T09:07:11.730+0000] {processor.py:157} INFO - Started process (PID=1130) to work on /opt/airflow/dags/data_lake_dag.py
[2025-12-24T09:07:11.732+0000] {processor.py:829} INFO - Processing file /opt/airflow/dags/data_lake_dag.py for tasks to queue
[2025-12-24T09:07:11.734+0000] {logging_mixin.py:151} INFO - [2025-12-24T09:07:11.733+0000] {dagbag.py:539} INFO - Filling up the DagBag from /opt/airflow/dags/data_lake_dag.py
[2025-12-24T09:07:12.192+0000] {processor.py:839} INFO - DAG(s) dict_keys(['battery_data_lake_dag']) retrieved from /opt/airflow/dags/data_lake_dag.py
[2025-12-24T09:07:12.230+0000] {logging_mixin.py:151} INFO - [2025-12-24T09:07:12.230+0000] {dag.py:2915} INFO - Sync 1 DAGs
[2025-12-24T09:07:12.259+0000] {logging_mixin.py:151} INFO - [2025-12-24T09:07:12.259+0000] {dag.py:3696} INFO - Setting next_dagrun for battery_data_lake_dag to 2025-12-24T08:55:23.802480+00:00, run_after=2025-12-25T08:55:23.802480+00:00
[2025-12-24T09:07:12.289+0000] {processor.py:179} INFO - Processing /opt/airflow/dags/data_lake_dag.py took 0.566 seconds
[2025-12-24T09:07:42.507+0000] {processor.py:157} INFO - Started process (PID=1132) to work on /opt/airflow/dags/data_lake_dag.py
[2025-12-24T09:07:42.508+0000] {processor.py:829} INFO - Processing file /opt/airflow/dags/data_lake_dag.py for tasks to queue
[2025-12-24T09:07:42.510+0000] {logging_mixin.py:151} INFO - [2025-12-24T09:07:42.510+0000] {dagbag.py:539} INFO - Filling up the DagBag from /opt/airflow/dags/data_lake_dag.py
[2025-12-24T09:07:42.969+0000] {processor.py:839} INFO - DAG(s) dict_keys(['battery_data_lake_dag']) retrieved from /opt/airflow/dags/data_lake_dag.py
[2025-12-24T09:07:43.000+0000] {logging_mixin.py:151} INFO - [2025-12-24T09:07:43.000+0000] {dag.py:2915} INFO - Sync 1 DAGs
[2025-12-24T09:07:43.023+0000] {logging_mixin.py:151} INFO - [2025-12-24T09:07:43.023+0000] {dag.py:3696} INFO - Setting next_dagrun for battery_data_lake_dag to 2025-12-24T08:55:23.802480+00:00, run_after=2025-12-25T08:55:23.802480+00:00
[2025-12-24T09:07:43.050+0000] {processor.py:179} INFO - Processing /opt/airflow/dags/data_lake_dag.py took 0.547 seconds
[2025-12-24T09:08:13.484+0000] {processor.py:157} INFO - Started process (PID=1134) to work on /opt/airflow/dags/data_lake_dag.py
[2025-12-24T09:08:13.486+0000] {processor.py:829} INFO - Processing file /opt/airflow/dags/data_lake_dag.py for tasks to queue
[2025-12-24T09:08:13.488+0000] {logging_mixin.py:151} INFO - [2025-12-24T09:08:13.488+0000] {dagbag.py:539} INFO - Filling up the DagBag from /opt/airflow/dags/data_lake_dag.py
[2025-12-24T09:08:14.028+0000] {processor.py:839} INFO - DAG(s) dict_keys(['battery_data_lake_dag']) retrieved from /opt/airflow/dags/data_lake_dag.py
[2025-12-24T09:08:14.065+0000] {logging_mixin.py:151} INFO - [2025-12-24T09:08:14.064+0000] {dag.py:2915} INFO - Sync 1 DAGs
[2025-12-24T09:08:14.091+0000] {logging_mixin.py:151} INFO - [2025-12-24T09:08:14.090+0000] {dag.py:3696} INFO - Setting next_dagrun for battery_data_lake_dag to 2025-12-24T08:55:23.802480+00:00, run_after=2025-12-25T08:55:23.802480+00:00
[2025-12-24T09:08:14.113+0000] {processor.py:179} INFO - Processing /opt/airflow/dags/data_lake_dag.py took 0.634 seconds
[2025-12-24T09:08:44.889+0000] {processor.py:157} INFO - Started process (PID=1136) to work on /opt/airflow/dags/data_lake_dag.py
[2025-12-24T09:08:44.891+0000] {processor.py:829} INFO - Processing file /opt/airflow/dags/data_lake_dag.py for tasks to queue
[2025-12-24T09:08:44.892+0000] {logging_mixin.py:151} INFO - [2025-12-24T09:08:44.892+0000] {dagbag.py:539} INFO - Filling up the DagBag from /opt/airflow/dags/data_lake_dag.py
[2025-12-24T09:08:45.500+0000] {processor.py:839} INFO - DAG(s) dict_keys(['battery_data_lake_dag']) retrieved from /opt/airflow/dags/data_lake_dag.py
[2025-12-24T09:08:45.547+0000] {logging_mixin.py:151} INFO - [2025-12-24T09:08:45.546+0000] {dag.py:2915} INFO - Sync 1 DAGs
[2025-12-24T09:08:45.577+0000] {logging_mixin.py:151} INFO - [2025-12-24T09:08:45.577+0000] {dag.py:3696} INFO - Setting next_dagrun for battery_data_lake_dag to 2025-12-24T08:55:23.802480+00:00, run_after=2025-12-25T08:55:23.802480+00:00
[2025-12-24T09:08:45.605+0000] {processor.py:179} INFO - Processing /opt/airflow/dags/data_lake_dag.py took 0.725 seconds
[2025-12-24T09:09:16.132+0000] {processor.py:157} INFO - Started process (PID=1138) to work on /opt/airflow/dags/data_lake_dag.py
[2025-12-24T09:09:16.134+0000] {processor.py:829} INFO - Processing file /opt/airflow/dags/data_lake_dag.py for tasks to queue
[2025-12-24T09:09:16.136+0000] {logging_mixin.py:151} INFO - [2025-12-24T09:09:16.136+0000] {dagbag.py:539} INFO - Filling up the DagBag from /opt/airflow/dags/data_lake_dag.py
[2025-12-24T09:09:16.637+0000] {processor.py:839} INFO - DAG(s) dict_keys(['battery_data_lake_dag']) retrieved from /opt/airflow/dags/data_lake_dag.py
[2025-12-24T09:09:16.676+0000] {logging_mixin.py:151} INFO - [2025-12-24T09:09:16.675+0000] {dag.py:2915} INFO - Sync 1 DAGs
[2025-12-24T09:09:16.760+0000] {logging_mixin.py:151} INFO - [2025-12-24T09:09:16.760+0000] {dag.py:3696} INFO - Setting next_dagrun for battery_data_lake_dag to 2025-12-24T08:55:23.802480+00:00, run_after=2025-12-25T08:55:23.802480+00:00
[2025-12-24T09:09:16.789+0000] {processor.py:179} INFO - Processing /opt/airflow/dags/data_lake_dag.py took 0.663 seconds
[2025-12-24T09:09:47.346+0000] {processor.py:157} INFO - Started process (PID=1140) to work on /opt/airflow/dags/data_lake_dag.py
[2025-12-24T09:09:47.347+0000] {processor.py:829} INFO - Processing file /opt/airflow/dags/data_lake_dag.py for tasks to queue
[2025-12-24T09:09:47.349+0000] {logging_mixin.py:151} INFO - [2025-12-24T09:09:47.349+0000] {dagbag.py:539} INFO - Filling up the DagBag from /opt/airflow/dags/data_lake_dag.py
[2025-12-24T09:09:47.856+0000] {processor.py:839} INFO - DAG(s) dict_keys(['battery_data_lake_dag']) retrieved from /opt/airflow/dags/data_lake_dag.py
[2025-12-24T09:09:47.891+0000] {logging_mixin.py:151} INFO - [2025-12-24T09:09:47.890+0000] {dag.py:2915} INFO - Sync 1 DAGs
[2025-12-24T09:09:47.917+0000] {logging_mixin.py:151} INFO - [2025-12-24T09:09:47.917+0000] {dag.py:3696} INFO - Setting next_dagrun for battery_data_lake_dag to 2025-12-24T08:55:23.802480+00:00, run_after=2025-12-25T08:55:23.802480+00:00
[2025-12-24T09:09:47.944+0000] {processor.py:179} INFO - Processing /opt/airflow/dags/data_lake_dag.py took 0.603 seconds
[2025-12-24T09:10:18.823+0000] {processor.py:157} INFO - Started process (PID=1142) to work on /opt/airflow/dags/data_lake_dag.py
[2025-12-24T09:10:18.825+0000] {processor.py:829} INFO - Processing file /opt/airflow/dags/data_lake_dag.py for tasks to queue
[2025-12-24T09:10:18.827+0000] {logging_mixin.py:151} INFO - [2025-12-24T09:10:18.826+0000] {dagbag.py:539} INFO - Filling up the DagBag from /opt/airflow/dags/data_lake_dag.py
[2025-12-24T09:10:19.346+0000] {processor.py:839} INFO - DAG(s) dict_keys(['battery_data_lake_dag']) retrieved from /opt/airflow/dags/data_lake_dag.py
[2025-12-24T09:10:19.381+0000] {logging_mixin.py:151} INFO - [2025-12-24T09:10:19.381+0000] {dag.py:2915} INFO - Sync 1 DAGs
[2025-12-24T09:10:19.409+0000] {logging_mixin.py:151} INFO - [2025-12-24T09:10:19.409+0000] {dag.py:3696} INFO - Setting next_dagrun for battery_data_lake_dag to 2025-12-24T08:55:23.802480+00:00, run_after=2025-12-25T08:55:23.802480+00:00
[2025-12-24T09:10:19.435+0000] {processor.py:179} INFO - Processing /opt/airflow/dags/data_lake_dag.py took 0.619 seconds
[2025-12-24T09:10:49.713+0000] {processor.py:157} INFO - Started process (PID=1144) to work on /opt/airflow/dags/data_lake_dag.py
[2025-12-24T09:10:49.715+0000] {processor.py:829} INFO - Processing file /opt/airflow/dags/data_lake_dag.py for tasks to queue
[2025-12-24T09:10:49.717+0000] {logging_mixin.py:151} INFO - [2025-12-24T09:10:49.716+0000] {dagbag.py:539} INFO - Filling up the DagBag from /opt/airflow/dags/data_lake_dag.py
[2025-12-24T09:10:50.185+0000] {processor.py:839} INFO - DAG(s) dict_keys(['battery_data_lake_dag']) retrieved from /opt/airflow/dags/data_lake_dag.py
[2025-12-24T09:10:50.217+0000] {logging_mixin.py:151} INFO - [2025-12-24T09:10:50.216+0000] {dag.py:2915} INFO - Sync 1 DAGs
[2025-12-24T09:10:50.246+0000] {logging_mixin.py:151} INFO - [2025-12-24T09:10:50.246+0000] {dag.py:3696} INFO - Setting next_dagrun for battery_data_lake_dag to 2025-12-24T08:55:23.802480+00:00, run_after=2025-12-25T08:55:23.802480+00:00
[2025-12-24T09:10:50.275+0000] {processor.py:179} INFO - Processing /opt/airflow/dags/data_lake_dag.py took 0.566 seconds
[2025-12-24T09:11:20.386+0000] {processor.py:157} INFO - Started process (PID=1146) to work on /opt/airflow/dags/data_lake_dag.py
[2025-12-24T09:11:20.388+0000] {processor.py:829} INFO - Processing file /opt/airflow/dags/data_lake_dag.py for tasks to queue
[2025-12-24T09:11:20.390+0000] {logging_mixin.py:151} INFO - [2025-12-24T09:11:20.389+0000] {dagbag.py:539} INFO - Filling up the DagBag from /opt/airflow/dags/data_lake_dag.py
[2025-12-24T09:11:20.923+0000] {processor.py:839} INFO - DAG(s) dict_keys(['battery_data_lake_dag']) retrieved from /opt/airflow/dags/data_lake_dag.py
[2025-12-24T09:11:20.968+0000] {logging_mixin.py:151} INFO - [2025-12-24T09:11:20.967+0000] {dag.py:2915} INFO - Sync 1 DAGs
[2025-12-24T09:11:21.003+0000] {logging_mixin.py:151} INFO - [2025-12-24T09:11:21.003+0000] {dag.py:3696} INFO - Setting next_dagrun for battery_data_lake_dag to 2025-12-24T08:55:23.802480+00:00, run_after=2025-12-25T08:55:23.802480+00:00
[2025-12-24T09:11:21.039+0000] {processor.py:179} INFO - Processing /opt/airflow/dags/data_lake_dag.py took 0.660 seconds
[2025-12-24T09:11:51.303+0000] {processor.py:157} INFO - Started process (PID=1148) to work on /opt/airflow/dags/data_lake_dag.py
[2025-12-24T09:11:51.304+0000] {processor.py:829} INFO - Processing file /opt/airflow/dags/data_lake_dag.py for tasks to queue
[2025-12-24T09:11:51.306+0000] {logging_mixin.py:151} INFO - [2025-12-24T09:11:51.306+0000] {dagbag.py:539} INFO - Filling up the DagBag from /opt/airflow/dags/data_lake_dag.py
[2025-12-24T09:11:51.826+0000] {processor.py:839} INFO - DAG(s) dict_keys(['battery_data_lake_dag']) retrieved from /opt/airflow/dags/data_lake_dag.py
[2025-12-24T09:11:51.873+0000] {logging_mixin.py:151} INFO - [2025-12-24T09:11:51.872+0000] {dag.py:2915} INFO - Sync 1 DAGs
[2025-12-24T09:11:51.902+0000] {logging_mixin.py:151} INFO - [2025-12-24T09:11:51.901+0000] {dag.py:3696} INFO - Setting next_dagrun for battery_data_lake_dag to 2025-12-24T08:55:23.802480+00:00, run_after=2025-12-25T08:55:23.802480+00:00
[2025-12-24T09:11:51.960+0000] {processor.py:179} INFO - Processing /opt/airflow/dags/data_lake_dag.py took 0.663 seconds
[2025-12-24T09:12:22.762+0000] {processor.py:157} INFO - Started process (PID=1150) to work on /opt/airflow/dags/data_lake_dag.py
[2025-12-24T09:12:22.764+0000] {processor.py:829} INFO - Processing file /opt/airflow/dags/data_lake_dag.py for tasks to queue
[2025-12-24T09:12:22.766+0000] {logging_mixin.py:151} INFO - [2025-12-24T09:12:22.765+0000] {dagbag.py:539} INFO - Filling up the DagBag from /opt/airflow/dags/data_lake_dag.py
[2025-12-24T09:12:23.235+0000] {processor.py:839} INFO - DAG(s) dict_keys(['battery_data_lake_dag']) retrieved from /opt/airflow/dags/data_lake_dag.py
[2025-12-24T09:12:23.273+0000] {logging_mixin.py:151} INFO - [2025-12-24T09:12:23.273+0000] {dag.py:2915} INFO - Sync 1 DAGs
[2025-12-24T09:12:23.303+0000] {logging_mixin.py:151} INFO - [2025-12-24T09:12:23.303+0000] {dag.py:3696} INFO - Setting next_dagrun for battery_data_lake_dag to 2025-12-24T08:55:23.802480+00:00, run_after=2025-12-25T08:55:23.802480+00:00
[2025-12-24T09:12:23.334+0000] {processor.py:179} INFO - Processing /opt/airflow/dags/data_lake_dag.py took 0.576 seconds
[2025-12-24T09:12:53.663+0000] {processor.py:157} INFO - Started process (PID=1152) to work on /opt/airflow/dags/data_lake_dag.py
[2025-12-24T09:12:53.666+0000] {processor.py:829} INFO - Processing file /opt/airflow/dags/data_lake_dag.py for tasks to queue
[2025-12-24T09:12:53.669+0000] {logging_mixin.py:151} INFO - [2025-12-24T09:12:53.668+0000] {dagbag.py:539} INFO - Filling up the DagBag from /opt/airflow/dags/data_lake_dag.py
[2025-12-24T09:12:54.276+0000] {processor.py:839} INFO - DAG(s) dict_keys(['battery_data_lake_dag']) retrieved from /opt/airflow/dags/data_lake_dag.py
[2025-12-24T09:12:54.312+0000] {logging_mixin.py:151} INFO - [2025-12-24T09:12:54.312+0000] {dag.py:2915} INFO - Sync 1 DAGs
[2025-12-24T09:12:54.340+0000] {logging_mixin.py:151} INFO - [2025-12-24T09:12:54.340+0000] {dag.py:3696} INFO - Setting next_dagrun for battery_data_lake_dag to 2025-12-24T08:55:23.802480+00:00, run_after=2025-12-25T08:55:23.802480+00:00
[2025-12-24T09:12:54.367+0000] {processor.py:179} INFO - Processing /opt/airflow/dags/data_lake_dag.py took 0.711 seconds
[2025-12-24T09:13:25.120+0000] {processor.py:157} INFO - Started process (PID=1154) to work on /opt/airflow/dags/data_lake_dag.py
[2025-12-24T09:13:25.122+0000] {processor.py:829} INFO - Processing file /opt/airflow/dags/data_lake_dag.py for tasks to queue
[2025-12-24T09:13:25.124+0000] {logging_mixin.py:151} INFO - [2025-12-24T09:13:25.124+0000] {dagbag.py:539} INFO - Filling up the DagBag from /opt/airflow/dags/data_lake_dag.py
[2025-12-24T09:13:25.628+0000] {processor.py:839} INFO - DAG(s) dict_keys(['battery_data_lake_dag']) retrieved from /opt/airflow/dags/data_lake_dag.py
[2025-12-24T09:13:25.664+0000] {logging_mixin.py:151} INFO - [2025-12-24T09:13:25.664+0000] {dag.py:2915} INFO - Sync 1 DAGs
[2025-12-24T09:13:25.690+0000] {logging_mixin.py:151} INFO - [2025-12-24T09:13:25.690+0000] {dag.py:3696} INFO - Setting next_dagrun for battery_data_lake_dag to 2025-12-24T08:55:23.802480+00:00, run_after=2025-12-25T08:55:23.802480+00:00
[2025-12-24T09:13:25.718+0000] {processor.py:179} INFO - Processing /opt/airflow/dags/data_lake_dag.py took 0.604 seconds
[2025-12-24T09:13:56.325+0000] {processor.py:157} INFO - Started process (PID=1156) to work on /opt/airflow/dags/data_lake_dag.py
[2025-12-24T09:13:56.327+0000] {processor.py:829} INFO - Processing file /opt/airflow/dags/data_lake_dag.py for tasks to queue
[2025-12-24T09:13:56.329+0000] {logging_mixin.py:151} INFO - [2025-12-24T09:13:56.328+0000] {dagbag.py:539} INFO - Filling up the DagBag from /opt/airflow/dags/data_lake_dag.py
[2025-12-24T09:13:56.856+0000] {processor.py:839} INFO - DAG(s) dict_keys(['battery_data_lake_dag']) retrieved from /opt/airflow/dags/data_lake_dag.py
[2025-12-24T09:13:56.893+0000] {logging_mixin.py:151} INFO - [2025-12-24T09:13:56.892+0000] {dag.py:2915} INFO - Sync 1 DAGs
[2025-12-24T09:13:56.919+0000] {logging_mixin.py:151} INFO - [2025-12-24T09:13:56.919+0000] {dag.py:3696} INFO - Setting next_dagrun for battery_data_lake_dag to 2025-12-24T08:55:23.802480+00:00, run_after=2025-12-25T08:55:23.802480+00:00
[2025-12-24T09:13:56.943+0000] {processor.py:179} INFO - Processing /opt/airflow/dags/data_lake_dag.py took 0.624 seconds
