[2025-12-25T13:52:35.510+0000] {taskinstance.py:1157} INFO - Dependencies all met for dep_context=non-requeueable deps ti=<TaskInstance: battery_data_lake_dag.ekstrak_database_sql manual__2025-12-25T13:51:45.017596+00:00 [queued]>
[2025-12-25T13:52:35.526+0000] {taskinstance.py:1157} INFO - Dependencies all met for dep_context=requeueable deps ti=<TaskInstance: battery_data_lake_dag.ekstrak_database_sql manual__2025-12-25T13:51:45.017596+00:00 [queued]>
[2025-12-25T13:52:35.527+0000] {taskinstance.py:1359} INFO - Starting attempt 1 of 2
[2025-12-25T13:52:35.556+0000] {taskinstance.py:1380} INFO - Executing <Task(PythonOperator): ekstrak_database_sql> on 2025-12-25 13:51:45.017596+00:00
[2025-12-25T13:52:35.567+0000] {standard_task_runner.py:57} INFO - Started process 195 to run task
[2025-12-25T13:52:35.577+0000] {standard_task_runner.py:84} INFO - Running: ['***', 'tasks', 'run', 'battery_data_lake_dag', 'ekstrak_database_sql', 'manual__2025-12-25T13:51:45.017596+00:00', '--job-id', '10', '--raw', '--subdir', 'DAGS_FOLDER/data_lake_dag.py', '--cfg-path', '/tmp/tmpqnvvcg8l']
[2025-12-25T13:52:35.582+0000] {standard_task_runner.py:85} INFO - Job 10: Subtask ekstrak_database_sql
[2025-12-25T13:52:35.708+0000] {task_command.py:415} INFO - Running <TaskInstance: battery_data_lake_dag.ekstrak_database_sql manual__2025-12-25T13:51:45.017596+00:00 [running]> on host 64663ec31feb
[2025-12-25T13:52:36.136+0000] {taskinstance.py:1660} INFO - Exporting env vars: AIRFLOW_CTX_DAG_OWNER='***' AIRFLOW_CTX_DAG_ID='battery_data_lake_dag' AIRFLOW_CTX_TASK_ID='ekstrak_database_sql' AIRFLOW_CTX_EXECUTION_DATE='2025-12-25T13:51:45.017596+00:00' AIRFLOW_CTX_TRY_NUMBER='1' AIRFLOW_CTX_DAG_RUN_ID='manual__2025-12-25T13:51:45.017596+00:00'
[2025-12-25T13:52:36.146+0000] {taskinstance.py:1935} ERROR - Task failed with exception
Traceback (most recent call last):
  File "/home/airflow/.local/lib/python3.8/site-packages/airflow/operators/python.py", line 192, in execute
    return_value = self.execute_callable()
  File "/home/airflow/.local/lib/python3.8/site-packages/airflow/operators/python.py", line 209, in execute_callable
    return self.python_callable(*self.op_args, **self.op_kwargs)
  File "/opt/airflow/dags/data_lake_dag.py", line 41, in elt_sql_data
    koneksi = psycopg2.connect(
  File "/home/airflow/.local/lib/python3.8/site-packages/psycopg2/__init__.py", line 122, in connect
    conn = _connect(dsn, connection_factory=connection_factory, **kwasync)
psycopg2.OperationalError: connection to server at "postgres" (172.18.0.3), port 5432 failed: FATAL:  database "battery_analytics_db" does not exist

[2025-12-25T13:52:36.168+0000] {taskinstance.py:1398} INFO - Marking task as UP_FOR_RETRY. dag_id=battery_data_lake_dag, task_id=ekstrak_database_sql, execution_date=20251225T135145, start_date=20251225T135235, end_date=20251225T135236
[2025-12-25T13:52:36.207+0000] {standard_task_runner.py:104} ERROR - Failed to execute job 10 for task ekstrak_database_sql (connection to server at "postgres" (172.18.0.3), port 5432 failed: FATAL:  database "battery_analytics_db" does not exist
; 195)
[2025-12-25T13:52:36.276+0000] {local_task_job_runner.py:228} INFO - Task exited with return code 1
[2025-12-25T13:52:36.461+0000] {taskinstance.py:2776} INFO - 0 downstream tasks scheduled from follow-on schedule check
