[2025-12-24T08:56:43.516+0000] {taskinstance.py:1157} INFO - Dependencies all met for dep_context=non-requeueable deps ti=<TaskInstance: battery_data_lake_dag.elt_w manual__2025-12-24T08:52:04+00:00 [queued]>
[2025-12-24T08:56:43.526+0000] {taskinstance.py:1157} INFO - Dependencies all met for dep_context=requeueable deps ti=<TaskInstance: battery_data_lake_dag.elt_w manual__2025-12-24T08:52:04+00:00 [queued]>
[2025-12-24T08:56:43.527+0000] {taskinstance.py:1359} INFO - Starting attempt 1 of 2
[2025-12-24T08:56:43.544+0000] {taskinstance.py:1380} INFO - Executing <Task(PythonOperator): elt_w> on 2025-12-24 08:52:04+00:00
[2025-12-24T08:56:43.550+0000] {standard_task_runner.py:57} INFO - Started process 1713 to run task
[2025-12-24T08:56:43.555+0000] {standard_task_runner.py:84} INFO - Running: ['***', 'tasks', 'run', 'battery_data_lake_dag', 'elt_w', 'manual__2025-12-24T08:52:04+00:00', '--job-id', '49', '--raw', '--subdir', 'DAGS_FOLDER/data_lake_dag.py', '--cfg-path', '/tmp/tmpy7550opd']
[2025-12-24T08:56:43.558+0000] {standard_task_runner.py:85} INFO - Job 49: Subtask elt_w
[2025-12-24T08:56:43.729+0000] {task_command.py:415} INFO - Running <TaskInstance: battery_data_lake_dag.elt_w manual__2025-12-24T08:52:04+00:00 [running]> on host cb1cc40b52c9
[2025-12-24T08:56:43.954+0000] {taskinstance.py:1660} INFO - Exporting env vars: AIRFLOW_CTX_DAG_OWNER='***' AIRFLOW_CTX_DAG_ID='battery_data_lake_dag' AIRFLOW_CTX_TASK_ID='elt_w' AIRFLOW_CTX_EXECUTION_DATE='2025-12-24T08:52:04+00:00' AIRFLOW_CTX_TRY_NUMBER='1' AIRFLOW_CTX_DAG_RUN_ID='manual__2025-12-24T08:52:04+00:00'
[2025-12-24T08:56:53.992+0000] {local_task_job_runner.py:115} ERROR - Received SIGTERM. Terminating subprocesses
[2025-12-24T08:56:54.034+0000] {process_utils.py:131} INFO - Sending 15 to group 1713. PIDs of all processes in the group: [1713]
[2025-12-24T08:56:54.045+0000] {process_utils.py:86} INFO - Sending the signal 15 to group 1713
[2025-12-24T08:56:54.052+0000] {taskinstance.py:1630} ERROR - Received SIGTERM. Terminating subprocesses.
[2025-12-24T08:56:54.066+0000] {taskinstance.py:1935} ERROR - Task failed with exception
Traceback (most recent call last):
  File "/home/airflow/.local/lib/python3.8/site-packages/airflow/operators/python.py", line 192, in execute
    return_value = self.execute_callable()
  File "/home/airflow/.local/lib/python3.8/site-packages/airflow/operators/python.py", line 209, in execute_callable
    return self.python_callable(*self.op_args, **self.op_kwargs)
  File "/opt/airflow/dags/data_lake_dag.py", line 36, in elt_weather_api
    res = requests.get(url).json()
  File "/home/airflow/.local/lib/python3.8/site-packages/requests/api.py", line 73, in get
    return request("get", url, params=params, **kwargs)
  File "/home/airflow/.local/lib/python3.8/site-packages/requests/api.py", line 59, in request
    return session.request(method=method, url=url, **kwargs)
  File "/home/airflow/.local/lib/python3.8/site-packages/requests/sessions.py", line 589, in request
    resp = self.send(prep, **send_kwargs)
  File "/home/airflow/.local/lib/python3.8/site-packages/requests/sessions.py", line 703, in send
    r = adapter.send(request, **kwargs)
  File "/home/airflow/.local/lib/python3.8/site-packages/requests/adapters.py", line 486, in send
    resp = conn.urlopen(
  File "/home/airflow/.local/lib/python3.8/site-packages/urllib3/connectionpool.py", line 714, in urlopen
    httplib_response = self._make_request(
  File "/home/airflow/.local/lib/python3.8/site-packages/urllib3/connectionpool.py", line 415, in _make_request
    conn.request(method, url, **httplib_request_kw)
  File "/home/airflow/.local/lib/python3.8/site-packages/urllib3/connection.py", line 244, in request
    super(HTTPConnection, self).request(method, url, body=body, headers=headers)
  File "/usr/local/lib/python3.8/http/client.py", line 1256, in request
    self._send_request(method, url, body, headers, encode_chunked)
  File "/usr/local/lib/python3.8/http/client.py", line 1302, in _send_request
    self.endheaders(body, encode_chunked=encode_chunked)
  File "/usr/local/lib/python3.8/http/client.py", line 1251, in endheaders
    self._send_output(message_body, encode_chunked=encode_chunked)
  File "/usr/local/lib/python3.8/http/client.py", line 1011, in _send_output
    self.send(msg)
  File "/usr/local/lib/python3.8/http/client.py", line 951, in send
    self.connect()
  File "/home/airflow/.local/lib/python3.8/site-packages/urllib3/connection.py", line 205, in connect
    conn = self._new_conn()
  File "/home/airflow/.local/lib/python3.8/site-packages/urllib3/connection.py", line 174, in _new_conn
    conn = connection.create_connection(
  File "/home/airflow/.local/lib/python3.8/site-packages/urllib3/util/connection.py", line 85, in create_connection
    sock.connect(sa)
  File "/home/airflow/.local/lib/python3.8/site-packages/airflow/models/taskinstance.py", line 1632, in signal_handler
    raise AirflowException("Task received SIGTERM signal")
airflow.exceptions.AirflowException: Task received SIGTERM signal
[2025-12-24T08:56:54.085+0000] {taskinstance.py:1398} INFO - Marking task as UP_FOR_RETRY. dag_id=battery_data_lake_dag, task_id=elt_w, execution_date=20251224T085204, start_date=20251224T085643, end_date=20251224T085654
[2025-12-24T08:56:54.103+0000] {standard_task_runner.py:104} ERROR - Failed to execute job 49 for task elt_w (Task received SIGTERM signal; 1713)
[2025-12-24T08:56:54.144+0000] {process_utils.py:79} INFO - Process psutil.Process(pid=1713, status='terminated', exitcode=1, started='08:56:42') (1713) terminated with exit code 1
[2025-12-24T08:56:54.151+0000] {local_task_job_runner.py:228} INFO - Task exited with return code 143
[2025-12-24T08:56:54.276+0000] {taskinstance.py:2776} INFO - 0 downstream tasks scheduled from follow-on schedule check
