[2025-12-24T08:30:43.470+0000] {taskinstance.py:1157} INFO - Dependencies all met for dep_context=non-requeueable deps ti=<TaskInstance: battery_lakehouse_dag.gold scheduled__2025-12-23T08:29:42.246226+00:00 [queued]>
[2025-12-24T08:30:43.480+0000] {taskinstance.py:1157} INFO - Dependencies all met for dep_context=requeueable deps ti=<TaskInstance: battery_lakehouse_dag.gold scheduled__2025-12-23T08:29:42.246226+00:00 [queued]>
[2025-12-24T08:30:43.481+0000] {taskinstance.py:1359} INFO - Starting attempt 1 of 2
[2025-12-24T08:30:43.497+0000] {taskinstance.py:1380} INFO - Executing <Task(PythonOperator): gold> on 2025-12-23 08:29:42.246226+00:00
[2025-12-24T08:30:43.504+0000] {standard_task_runner.py:57} INFO - Started process 344 to run task
[2025-12-24T08:30:43.510+0000] {standard_task_runner.py:84} INFO - Running: ['***', 'tasks', 'run', 'battery_lakehouse_dag', 'gold', 'scheduled__2025-12-23T08:29:42.246226+00:00', '--job-id', '14', '--raw', '--subdir', 'DAGS_FOLDER/lakehouse_dag.py', '--cfg-path', '/tmp/tmp81xtbgjg']
[2025-12-24T08:30:43.514+0000] {standard_task_runner.py:85} INFO - Job 14: Subtask gold
[2025-12-24T08:30:43.610+0000] {task_command.py:415} INFO - Running <TaskInstance: battery_lakehouse_dag.gold scheduled__2025-12-23T08:29:42.246226+00:00 [running]> on host cb1cc40b52c9
[2025-12-24T08:30:43.835+0000] {taskinstance.py:1660} INFO - Exporting env vars: AIRFLOW_CTX_DAG_OWNER='***' AIRFLOW_CTX_DAG_ID='battery_lakehouse_dag' AIRFLOW_CTX_TASK_ID='gold' AIRFLOW_CTX_EXECUTION_DATE='2025-12-23T08:29:42.246226+00:00' AIRFLOW_CTX_TRY_NUMBER='1' AIRFLOW_CTX_DAG_RUN_ID='scheduled__2025-12-23T08:29:42.246226+00:00'
[2025-12-24T08:30:44.003+0000] {taskinstance.py:1935} ERROR - Task failed with exception
Traceback (most recent call last):
  File "/home/airflow/.local/lib/python3.8/site-packages/airflow/operators/python.py", line 192, in execute
    return_value = self.execute_callable()
  File "/home/airflow/.local/lib/python3.8/site-packages/airflow/operators/python.py", line 209, in execute_callable
    return self.python_callable(*self.op_args, **self.op_kwargs)
  File "/opt/airflow/dags/lakehouse_dag.py", line 112, in etl_gold_analysis
    est_mins = int((theo_mins * 0.4) + (hist_mins * 0.6))
ValueError: cannot convert float NaN to integer
[2025-12-24T08:30:44.019+0000] {taskinstance.py:1398} INFO - Marking task as UP_FOR_RETRY. dag_id=battery_lakehouse_dag, task_id=gold, execution_date=20251223T082942, start_date=20251224T083043, end_date=20251224T083044
[2025-12-24T08:30:44.031+0000] {standard_task_runner.py:104} ERROR - Failed to execute job 14 for task gold (cannot convert float NaN to integer; 344)
[2025-12-24T08:30:44.046+0000] {local_task_job_runner.py:228} INFO - Task exited with return code 1
[2025-12-24T08:30:44.064+0000] {taskinstance.py:2776} INFO - 0 downstream tasks scheduled from follow-on schedule check
